# JRE version: Java(TM) SE Runtime Environment (8.0_121-b13) (build 1.8.0_121-b13)
# Java VM: Java HotSpot(TM) 64-Bit Server VM (25.121-b13 mixed mode windows-amd64 compressed oops)
Heap:
 PSYoungGen      total 316928K, used 296719K [0x00000000eab00000, 0x00000000ffa80000, 0x0000000100000000)
  eden space 292352K, 100% used [0x00000000eab00000,0x00000000fc880000,0x00000000fc880000)
  from space 24576K, 17% used [0x00000000fe280000,0x00000000fe6c3d30,0x00000000ffa80000)
  to   space 25600K, 99% used [0x00000000fc880000,0x00000000fe17a018,0x00000000fe180000)
 ParOldGen       total 349696K, used 234874K [0x00000000c0000000, 0x00000000d5580000, 0x00000000eab00000)
  object space 349696K, 67% used [0x00000000c0000000,0x00000000ce55e898,0x00000000d5580000)
 Metaspace       used 112272K, capacity 115019K, committed 115072K, reserved 1144832K
  class space    used 19397K, capacity 19827K, committed 19840K, reserved 1048576K
GC Heap History (10 events):
Event: 4369.521 GC heap after
Heap after GC invocations=72 (full 4):
 PSYoungGen      total 313344K, used 4258K [0x00000000eab00000, 0x00000000ffd00000, 0x0000000100000000)
  eden space 282624K, 0% used [0x00000000eab00000,0x00000000eab00000,0x00000000fbf00000)
  from space 30720K, 13% used [0x00000000fdf00000,0x00000000fe328870,0x00000000ffd00000)
  to   space 31744K, 0% used [0x00000000fbf00000,0x00000000fbf00000,0x00000000fde00000)
 ParOldGen       total 349696K, used 211572K [0x00000000c0000000, 0x00000000d5580000, 0x00000000eab00000)
  object space 349696K, 60% used [0x00000000c0000000,0x00000000cce9d3b8,0x00000000d5580000)
 Metaspace       used 108931K, capacity 111589K, committed 111872K, reserved 1142784K
  class space    used 18494K, capacity 18866K, committed 18944K, reserved 1048576K
}
Event: 4650.761 GC heap before
{Heap before GC invocations=73 (full 4):
 PSYoungGen      total 313344K, used 286882K [0x00000000eab00000, 0x00000000ffd00000, 0x0000000100000000)
  eden space 282624K, 100% used [0x00000000eab00000,0x00000000fbf00000,0x00000000fbf00000)
  from space 30720K, 13% used [0x00000000fdf00000,0x00000000fe328870,0x00000000ffd00000)
  to   space 31744K, 0% used [0x00000000fbf00000,0x00000000fbf00000,0x00000000fde00000)
 ParOldGen       total 349696K, used 211572K [0x00000000c0000000, 0x00000000d5580000, 0x00000000eab00000)
  object space 349696K, 60% used [0x00000000c0000000,0x00000000cce9d3b8,0x00000000d5580000)
 Metaspace       used 109965K, capacity 112691K, committed 113024K, reserved 1142784K
  class space    used 18829K, capacity 19247K, committed 19328K, reserved 1048576K
Event: 4650.771 GC heap after
Heap after GC invocations=73 (full 4):
 PSYoungGen      total 314368K, used 3000K [0x00000000eab00000, 0x00000000ffe00000, 0x0000000100000000)
  eden space 282624K, 0% used [0x00000000eab00000,0x00000000eab00000,0x00000000fbf00000)
  from space 31744K, 9% used [0x00000000fbf00000,0x00000000fc1ee300,0x00000000fde00000)
  to   space 30208K, 0% used [0x00000000fe080000,0x00000000fe080000,0x00000000ffe00000)
 ParOldGen       total 349696K, used 213446K [0x00000000c0000000, 0x00000000d5580000, 0x00000000eab00000)
  object space 349696K, 61% used [0x00000000c0000000,0x00000000cd071b78,0x00000000d5580000)
 Metaspace       used 109965K, capacity 112691K, committed 113024K, reserved 1142784K
  class space    used 18829K, capacity 19247K, committed 19328K, reserved 1048576K
}
Event: 4651.035 GC heap before
{Heap before GC invocations=74 (full 4):
 PSYoungGen      total 314368K, used 285624K [0x00000000eab00000, 0x00000000ffe00000, 0x0000000100000000)
  eden space 282624K, 100% used [0x00000000eab00000,0x00000000fbf00000,0x00000000fbf00000)
  from space 31744K, 9% used [0x00000000fbf00000,0x00000000fc1ee300,0x00000000fde00000)
  to   space 30208K, 0% used [0x00000000fe080000,0x00000000fe080000,0x00000000ffe00000)
 ParOldGen       total 349696K, used 213446K [0x00000000c0000000, 0x00000000d5580000, 0x00000000eab00000)
  object space 349696K, 61% used [0x00000000c0000000,0x00000000cd071b78,0x00000000d5580000)
 Metaspace       used 110200K, capacity 112915K, committed 113152K, reserved 1142784K
  class space    used 18925K, capacity 19343K, committed 19456K, reserved 1048576K
Event: 4651.040 GC heap after
Heap after GC invocations=74 (full 4):
 PSYoungGen      total 315904K, used 448K [0x00000000eab00000, 0x00000000ffc80000, 0x0000000100000000)
  eden space 287232K, 0% used [0x00000000eab00000,0x00000000eab00000,0x00000000fc380000)
  from space 28672K, 1% used [0x00000000fe080000,0x00000000fe0f0000,0x00000000ffc80000)
  to   space 29184K, 0% used [0x00000000fc380000,0x00000000fc380000,0x00000000fe000000)
 ParOldGen       total 349696K, used 215138K [0x00000000c0000000, 0x00000000d5580000, 0x00000000eab00000)
  object space 349696K, 61% used [0x00000000c0000000,0x00000000cd218bf8,0x00000000d5580000)
 Metaspace       used 110200K, capacity 112915K, committed 113152K, reserved 1142784K
  class space    used 18925K, capacity 19343K, committed 19456K, reserved 1048576K
}
Event: 4651.252 GC heap before
{Heap before GC invocations=75 (full 4):
 PSYoungGen      total 315904K, used 287680K [0x00000000eab00000, 0x00000000ffc80000, 0x0000000100000000)
  eden space 287232K, 100% used [0x00000000eab00000,0x00000000fc380000,0x00000000fc380000)
  from space 28672K, 1% used [0x00000000fe080000,0x00000000fe0f0000,0x00000000ffc80000)
  to   space 29184K, 0% used [0x00000000fc380000,0x00000000fc380000,0x00000000fe000000)
 ParOldGen       total 349696K, used 215138K [0x00000000c0000000, 0x00000000d5580000, 0x00000000eab00000)
  object space 349696K, 61% used [0x00000000c0000000,0x00000000cd218bf8,0x00000000d5580000)
 Metaspace       used 110201K, capacity 112915K, committed 113152K, reserved 1142784K
  class space    used 18925K, capacity 19343K, committed 19456K, reserved 1048576K
Event: 4651.256 GC heap after
Heap after GC invocations=75 (full 4):
 PSYoungGen      total 316416K, used 395K [0x00000000eab00000, 0x00000000ffd80000, 0x0000000100000000)
  eden space 287232K, 0% used [0x00000000eab00000,0x00000000eab00000,0x00000000fc380000)
  from space 29184K, 1% used [0x00000000fc380000,0x00000000fc3e2fa8,0x00000000fe000000)
  to   space 27648K, 0% used [0x00000000fe280000,0x00000000fe280000,0x00000000ffd80000)
 ParOldGen       total 349696K, used 215256K [0x00000000c0000000, 0x00000000d5580000, 0x00000000eab00000)
  object space 349696K, 61% used [0x00000000c0000000,0x00000000cd236390,0x00000000d5580000)
 Metaspace       used 110201K, capacity 112915K, committed 113152K, reserved 1142784K
  class space    used 18925K, capacity 19343K, committed 19456K, reserved 1048576K
}
Event: 4651.863 GC heap before
{Heap before GC invocations=76 (full 4):
 PSYoungGen      total 316416K, used 287627K [0x00000000eab00000, 0x00000000ffd80000, 0x0000000100000000)
  eden space 287232K, 100% used [0x00000000eab00000,0x00000000fc380000,0x00000000fc380000)
  from space 29184K, 1% used [0x00000000fc380000,0x00000000fc3e2fa8,0x00000000fe000000)
  to   space 27648K, 0% used [0x00000000fe280000,0x00000000fe280000,0x00000000ffd80000)
 ParOldGen       total 349696K, used 215256K [0x00000000c0000000, 0x00000000d5580000, 0x00000000eab00000)
  object space 349696K, 61% used [0x00000000c0000000,0x00000000cd236390,0x00000000d5580000)
 Metaspace       used 110201K, capacity 112915K, committed 113152K, reserved 1142784K
  class space    used 18925K, capacity 19343K, committed 19456K, reserved 1048576K
Event: 4651.872 GC heap after
Heap after GC invocations=76 (full 4):
 PSYoungGen      total 316928K, used 4367K [0x00000000eab00000, 0x00000000ffa80000, 0x0000000100000000)
  eden space 292352K, 0% used [0x00000000eab00000,0x00000000eab00000,0x00000000fc880000)
  from space 24576K, 17% used [0x00000000fe280000,0x00000000fe6c3d30,0x00000000ffa80000)
  to   space 25600K, 0% used [0x00000000fc880000,0x00000000fc880000,0x00000000fe180000)
 ParOldGen       total 349696K, used 215505K [0x00000000c0000000, 0x00000000d5580000, 0x00000000eab00000)
  object space 349696K, 61% used [0x00000000c0000000,0x00000000cd2746a8,0x00000000d5580000)
 Metaspace       used 110201K, capacity 112915K, committed 113152K, reserved 1142784K
  class space    used 18925K, capacity 19343K, committed 19456K, reserved 1048576K
}
Event: 4665.113 GC heap before
{Heap before GC invocations=77 (full 4):
 PSYoungGen      total 316928K, used 296719K [0x00000000eab00000, 0x00000000ffa80000, 0x0000000100000000)
  eden space 292352K, 100% used [0x00000000eab00000,0x00000000fc880000,0x00000000fc880000)
  from space 24576K, 17% used [0x00000000fe280000,0x00000000fe6c3d30,0x00000000ffa80000)
  to   space 25600K, 0% used [0x00000000fc880000,0x00000000fc880000,0x00000000fe180000)
 ParOldGen       total 349696K, used 215505K [0x00000000c0000000, 0x00000000d5580000, 0x00000000eab00000)
  object space 349696K, 61% used [0x00000000c0000000,0x00000000cd2746a8,0x00000000d5580000)
 Metaspace       used 112272K, capacity 115019K, committed 115072K, reserved 1144832K
  class space    used 19397K, capacity 19827K, committed 19840K, reserved 1048576K

