# JRE version: Java(TM) SE Runtime Environment (8.0_121-b13) (build 1.8.0_121-b13)
# Java VM: Java HotSpot(TM) 64-Bit Server VM (25.121-b13 mixed mode windows-amd64 compressed oops)
Heap:
 PSYoungGen      total 284672K, used 49784K [0x00000000eab00000, 0x00000000fff80000, 0x0000000100000000)
  eden space 220160K, 14% used [0x00000000eab00000,0x00000000ec91d380,0x00000000f8200000)
  from space 64512K, 29% used [0x00000000f8200000,0x00000000f9480e10,0x00000000fc100000)
  to   space 62464K, 0% used [0x00000000fc280000,0x00000000fc280000,0x00000000fff80000)
 ParOldGen       total 349696K, used 110557K [0x00000000c0000000, 0x00000000d5580000, 0x00000000eab00000)
  object space 349696K, 31% used [0x00000000c0000000,0x00000000c6bf7770,0x00000000d5580000)
 Metaspace       used 115967K, capacity 117117K, committed 127488K, reserved 1153024K
  class space    used 20213K, capacity 20475K, committed 24320K, reserved 1048576K
GC Heap History (10 events):
Event: 10914.409 GC heap before
{Heap before GC invocations=54 (full 4):
 PSYoungGen      total 259072K, used 237944K [0x00000000eab00000, 0x0000000100000000, 0x0000000100000000)
  eden space 195072K, 100% used [0x00000000eab00000,0x00000000f6980000,0x00000000f6980000)
  from space 64000K, 66% used [0x00000000f6980000,0x00000000f935e010,0x00000000fa800000)
  to   space 67072K, 0% used [0x00000000fbe80000,0x00000000fbe80000,0x0000000100000000)
 ParOldGen       total 349696K, used 267180K [0x00000000c0000000, 0x00000000d5580000, 0x00000000eab00000)
  object space 349696K, 76% used [0x00000000c0000000,0x00000000d04eb220,0x00000000d5580000)
 Metaspace       used 124342K, capacity 125953K, committed 126208K, reserved 1150976K
  class space    used 23635K, capacity 24004K, committed 24064K, reserved 1048576K
Event: 10914.460 GC heap after
Heap after GC invocations=54 (full 4):
 PSYoungGen      total 226816K, used 30638K [0x00000000eab00000, 0x00000000fe280000, 0x0000000100000000)
  eden space 189952K, 0% used [0x00000000eab00000,0x00000000eab00000,0x00000000f6480000)
  from space 36864K, 83% used [0x00000000fbe80000,0x00000000fdc6b830,0x00000000fe280000)
  to   space 64512K, 0% used [0x00000000f6480000,0x00000000f6480000,0x00000000fa380000)
 ParOldGen       total 349696K, used 267728K [0x00000000c0000000, 0x00000000d5580000, 0x00000000eab00000)
  object space 349696K, 76% used [0x00000000c0000000,0x00000000d0574218,0x00000000d5580000)
 Metaspace       used 124342K, capacity 125953K, committed 126208K, reserved 1150976K
  class space    used 23635K, capacity 24004K, committed 24064K, reserved 1048576K
}
Event: 10916.684 GC heap before
{Heap before GC invocations=55 (full 4):
 PSYoungGen      total 226816K, used 220590K [0x00000000eab00000, 0x00000000fe280000, 0x0000000100000000)
  eden space 189952K, 100% used [0x00000000eab00000,0x00000000f6480000,0x00000000f6480000)
  from space 36864K, 83% used [0x00000000fbe80000,0x00000000fdc6b830,0x00000000fe280000)
  to   space 64512K, 0% used [0x00000000f6480000,0x00000000f6480000,0x00000000fa380000)
 ParOldGen       total 349696K, used 267728K [0x00000000c0000000, 0x00000000d5580000, 0x00000000eab00000)
  object space 349696K, 76% used [0x00000000c0000000,0x00000000d0574218,0x00000000d5580000)
 Metaspace       used 124533K, capacity 126113K, committed 126208K, reserved 1150976K
  class space    used 23672K, capacity 24036K, committed 24064K, reserved 1048576K
Event: 10916.756 GC heap after
Heap after GC invocations=55 (full 4):
 PSYoungGen      total 254464K, used 24547K [0x00000000eab00000, 0x00000000ffc80000, 0x0000000100000000)
  eden space 189952K, 0% used [0x00000000eab00000,0x00000000eab00000,0x00000000f6480000)
  from space 64512K, 38% used [0x00000000f6480000,0x00000000f7c78fa0,0x00000000fa380000)
  to   space 60928K, 0% used [0x00000000fc100000,0x00000000fc100000,0x00000000ffc80000)
 ParOldGen       total 349696K, used 296230K [0x00000000c0000000, 0x00000000d5580000, 0x00000000eab00000)
  object space 349696K, 84% used [0x00000000c0000000,0x00000000d2149aa0,0x00000000d5580000)
 Metaspace       used 124533K, capacity 126113K, committed 126208K, reserved 1150976K
  class space    used 23672K, capacity 24036K, committed 24064K, reserved 1048576K
}
Event: 10920.693 GC heap before
{Heap before GC invocations=56 (full 4):
 PSYoungGen      total 254464K, used 214499K [0x00000000eab00000, 0x00000000ffc80000, 0x0000000100000000)
  eden space 189952K, 100% used [0x00000000eab00000,0x00000000f6480000,0x00000000f6480000)
  from space 64512K, 38% used [0x00000000f6480000,0x00000000f7c78fa0,0x00000000fa380000)
  to   space 60928K, 0% used [0x00000000fc100000,0x00000000fc100000,0x00000000ffc80000)
 ParOldGen       total 349696K, used 296230K [0x00000000c0000000, 0x00000000d5580000, 0x00000000eab00000)
  object space 349696K, 84% used [0x00000000c0000000,0x00000000d2149aa0,0x00000000d5580000)
 Metaspace       used 125531K, capacity 127249K, committed 127488K, reserved 1153024K
  class space    used 23924K, capacity 24304K, committed 24320K, reserved 1048576K
Event: 10920.839 GC heap after
Heap after GC invocations=56 (full 4):
 PSYoungGen      total 281088K, used 45505K [0x00000000eab00000, 0x0000000100000000, 0x0000000100000000)
  eden space 220160K, 0% used [0x00000000eab00000,0x00000000eab00000,0x00000000f8200000)
  from space 60928K, 74% used [0x00000000fc100000,0x00000000fed70468,0x00000000ffc80000)
  to   space 64512K, 0% used [0x00000000f8200000,0x00000000f8200000,0x00000000fc100000)
 ParOldGen       total 349696K, used 316118K [0x00000000c0000000, 0x00000000d5580000, 0x00000000eab00000)
  object space 349696K, 90% used [0x00000000c0000000,0x00000000d34b5888,0x00000000d5580000)
 Metaspace       used 125531K, capacity 127249K, committed 127488K, reserved 1153024K
  class space    used 23924K, capacity 24304K, committed 24320K, reserved 1048576K
}
Event: 10920.839 GC heap before
{Heap before GC invocations=57 (full 5):
 PSYoungGen      total 281088K, used 45505K [0x00000000eab00000, 0x0000000100000000, 0x0000000100000000)
  eden space 220160K, 0% used [0x00000000eab00000,0x00000000eab00000,0x00000000f8200000)
  from space 60928K, 74% used [0x00000000fc100000,0x00000000fed70468,0x00000000ffc80000)
  to   space 64512K, 0% used [0x00000000f8200000,0x00000000f8200000,0x00000000fc100000)
 ParOldGen       total 349696K, used 316118K [0x00000000c0000000, 0x00000000d5580000, 0x00000000eab00000)
  object space 349696K, 90% used [0x00000000c0000000,0x00000000d34b5888,0x00000000d5580000)
 Metaspace       used 125531K, capacity 127249K, committed 127488K, reserved 1153024K
  class space    used 23924K, capacity 24304K, committed 24320K, reserved 1048576K
Event: 10921.436 GC heap after
Heap after GC invocations=57 (full 5):
 PSYoungGen      total 281088K, used 0K [0x00000000eab00000, 0x0000000100000000, 0x0000000100000000)
  eden space 220160K, 0% used [0x00000000eab00000,0x00000000eab00000,0x00000000f8200000)
  from space 60928K, 0% used [0x00000000fc100000,0x00000000fc100000,0x00000000ffc80000)
  to   space 64512K, 0% used [0x00000000f8200000,0x00000000f8200000,0x00000000fc100000)
 ParOldGen       total 349696K, used 110549K [0x00000000c0000000, 0x00000000d5580000, 0x00000000eab00000)
  object space 349696K, 31% used [0x00000000c0000000,0x00000000c6bf5770,0x00000000d5580000)
 Metaspace       used 114204K, capacity 115167K, committed 127488K, reserved 1153024K
  class space    used 20009K, capacity 20265K, committed 24320K, reserved 1048576K
}
Event: 12500.899 GC heap before
{Heap before GC invocations=58 (full 5):
 PSYoungGen      total 281088K, used 220160K [0x00000000eab00000, 0x0000000100000000, 0x0000000100000000)
  eden space 220160K, 100% used [0x00000000eab00000,0x00000000f8200000,0x00000000f8200000)
  from space 60928K, 0% used [0x00000000fc100000,0x00000000fc100000,0x00000000ffc80000)
  to   space 64512K, 0% used [0x00000000f8200000,0x00000000f8200000,0x00000000fc100000)
 ParOldGen       total 349696K, used 110549K [0x00000000c0000000, 0x00000000d5580000, 0x00000000eab00000)
  object space 349696K, 31% used [0x00000000c0000000,0x00000000c6bf5770,0x00000000d5580000)
 Metaspace       used 115960K, capacity 117117K, committed 127488K, reserved 1153024K
  class space    used 20213K, capacity 20475K, committed 24320K, reserved 1048576K
Event: 12500.934 GC heap after
Heap after GC invocations=58 (full 5):
 PSYoungGen      total 284672K, used 18947K [0x00000000eab00000, 0x00000000fff80000, 0x0000000100000000)
  eden space 220160K, 0% used [0x00000000eab00000,0x00000000eab00000,0x00000000f8200000)
  from space 64512K, 29% used [0x00000000f8200000,0x00000000f9480e10,0x00000000fc100000)
  to   space 62464K, 0% used [0x00000000fc280000,0x00000000fc280000,0x00000000fff80000)
 ParOldGen       total 349696K, used 110557K [0x00000000c0000000, 0x00000000d5580000, 0x00000000eab00000)
  object space 349696K, 31% used [0x00000000c0000000,0x00000000c6bf7770,0x00000000d5580000)
 Metaspace       used 115960K, capacity 117117K, committed 127488K, reserved 1153024K
  class space    used 20213K, capacity 20475K, committed 24320K, reserved 1048576K
}

