# JRE version: Java(TM) SE Runtime Environment (8.0_121-b13) (build 1.8.0_121-b13)
# Java VM: Java HotSpot(TM) 64-Bit Server VM (25.121-b13 mixed mode windows-amd64 compressed oops)
Heap:
 PSYoungGen      total 315392K, used 33781K [0x00000000eab00000, 0x0000000100000000, 0x0000000100000000)
  eden space 281600K, 0% used [0x00000000eab00000,0x00000000eab00000,0x00000000fbe00000)
  from space 33792K, 99% used [0x00000000fbe00000,0x00000000fdefd7f0,0x00000000fdf00000)
  to   space 33792K, 0% used [0x00000000fdf00000,0x00000000fdf00000,0x0000000100000000)
 ParOldGen       total 349696K, used 65571K [0x00000000c0000000, 0x00000000d5580000, 0x00000000eab00000)
  object space 349696K, 18% used [0x00000000c0000000,0x00000000c4008dd0,0x00000000d5580000)
 Metaspace       used 58494K, capacity 58843K, committed 59028K, reserved 1097728K
  class space    used 11051K, capacity 11162K, committed 11196K, reserved 1048576K
GC Heap History (10 events):
Event: 11.421 GC heap after
Heap after GC invocations=7 (full 2):
 PSYoungGen      total 266240K, used 0K [0x00000000eab00000, 0x00000000ff980000, 0x0000000100000000)
  eden space 244736K, 0% used [0x00000000eab00000,0x00000000eab00000,0x00000000f9a00000)
  from space 21504K, 0% used [0x00000000f9a00000,0x00000000f9a00000,0x00000000faf00000)
  to   space 16384K, 0% used [0x00000000fe980000,0x00000000fe980000,0x00000000ff980000)
 ParOldGen       total 349696K, used 8929K [0x00000000c0000000, 0x00000000d5580000, 0x00000000eab00000)
  object space 349696K, 2% used [0x00000000c0000000,0x00000000c08b85f0,0x00000000d5580000)
 Metaspace       used 34973K, capacity 35248K, committed 35416K, reserved 1077248K
  class space    used 7140K, capacity 7251K, committed 7296K, reserved 1048576K
}
Event: 22.708 GC heap before
{Heap before GC invocations=8 (full 2):
 PSYoungGen      total 266240K, used 244736K [0x00000000eab00000, 0x00000000ff980000, 0x0000000100000000)
  eden space 244736K, 100% used [0x00000000eab00000,0x00000000f9a00000,0x00000000f9a00000)
  from space 21504K, 0% used [0x00000000f9a00000,0x00000000f9a00000,0x00000000faf00000)
  to   space 16384K, 0% used [0x00000000fe980000,0x00000000fe980000,0x00000000ff980000)
 ParOldGen       total 349696K, used 8929K [0x00000000c0000000, 0x00000000d5580000, 0x00000000eab00000)
  object space 349696K, 2% used [0x00000000c0000000,0x00000000c08b85f0,0x00000000d5580000)
 Metaspace       used 49092K, capacity 49341K, committed 49624K, reserved 1089536K
  class space    used 9356K, capacity 9429K, committed 9472K, reserved 1048576K
Event: 22.748 GC heap after
Heap after GC invocations=8 (full 2):
 PSYoungGen      total 306176K, used 16368K [0x00000000eab00000, 0x0000000100000000, 0x0000000100000000)
  eden space 289792K, 0% used [0x00000000eab00000,0x00000000eab00000,0x00000000fc600000)
  from space 16384K, 99% used [0x00000000fe980000,0x00000000ff97c060,0x00000000ff980000)
  to   space 29696K, 0% used [0x00000000fc600000,0x00000000fc600000,0x00000000fe300000)
 ParOldGen       total 349696K, used 27607K [0x00000000c0000000, 0x00000000d5580000, 0x00000000eab00000)
  object space 349696K, 7% used [0x00000000c0000000,0x00000000c1af5cb0,0x00000000d5580000)
 Metaspace       used 49092K, capacity 49341K, committed 49624K, reserved 1089536K
  class space    used 9356K, capacity 9429K, committed 9472K, reserved 1048576K
}
Event: 37.017 GC heap before
{Heap before GC invocations=9 (full 2):
 PSYoungGen      total 306176K, used 306160K [0x00000000eab00000, 0x0000000100000000, 0x0000000100000000)
  eden space 289792K, 100% used [0x00000000eab00000,0x00000000fc600000,0x00000000fc600000)
  from space 16384K, 99% used [0x00000000fe980000,0x00000000ff97c060,0x00000000ff980000)
  to   space 29696K, 0% used [0x00000000fc600000,0x00000000fc600000,0x00000000fe300000)
 ParOldGen       total 349696K, used 27607K [0x00000000c0000000, 0x00000000d5580000, 0x00000000eab00000)
  object space 349696K, 7% used [0x00000000c0000000,0x00000000c1af5cb0,0x00000000d5580000)
 Metaspace       used 49443K, capacity 49795K, committed 50136K, reserved 1089536K
  class space    used 9360K, capacity 9430K, committed 9472K, reserved 1048576K
Event: 37.058 GC heap after
Heap after GC invocations=9 (full 2):
 PSYoungGen      total 309248K, used 19327K [0x00000000eab00000, 0x0000000100000000, 0x0000000100000000)
  eden space 289792K, 0% used [0x00000000eab00000,0x00000000eab00000,0x00000000fc600000)
  from space 19456K, 99% used [0x00000000fc600000,0x00000000fd8dffc8,0x00000000fd900000)
  to   space 30208K, 0% used [0x00000000fe280000,0x00000000fe280000,0x0000000100000000)
 ParOldGen       total 349696K, used 27615K [0x00000000c0000000, 0x00000000d5580000, 0x00000000eab00000)
  object space 349696K, 7% used [0x00000000c0000000,0x00000000c1af7cb0,0x00000000d5580000)
 Metaspace       used 49443K, capacity 49795K, committed 50136K, reserved 1089536K
  class space    used 9360K, capacity 9430K, committed 9472K, reserved 1048576K
}
Event: 64.425 GC heap before
{Heap before GC invocations=10 (full 2):
 PSYoungGen      total 309248K, used 309119K [0x00000000eab00000, 0x0000000100000000, 0x0000000100000000)
  eden space 289792K, 100% used [0x00000000eab00000,0x00000000fc600000,0x00000000fc600000)
  from space 19456K, 99% used [0x00000000fc600000,0x00000000fd8dffc8,0x00000000fd900000)
  to   space 30208K, 0% used [0x00000000fe280000,0x00000000fe280000,0x0000000100000000)
 ParOldGen       total 349696K, used 27615K [0x00000000c0000000, 0x00000000d5580000, 0x00000000eab00000)
  object space 349696K, 7% used [0x00000000c0000000,0x00000000c1af7cb0,0x00000000d5580000)
 Metaspace       used 50382K, capacity 50779K, committed 51160K, reserved 1091584K
  class space    used 9581K, capacity 9690K, committed 9728K, reserved 1048576K
Event: 64.472 GC heap after
Heap after GC invocations=10 (full 2):
 PSYoungGen      total 311808K, used 26787K [0x00000000eab00000, 0x0000000100000000, 0x0000000100000000)
  eden space 281600K, 0% used [0x00000000eab00000,0x00000000eab00000,0x00000000fbe00000)
  from space 30208K, 88% used [0x00000000fe280000,0x00000000ffca8d90,0x0000000100000000)
  to   space 33792K, 0% used [0x00000000fbe00000,0x00000000fbe00000,0x00000000fdf00000)
 ParOldGen       total 349696K, used 27623K [0x00000000c0000000, 0x00000000d5580000, 0x00000000eab00000)
  object space 349696K, 7% used [0x00000000c0000000,0x00000000c1af9cb0,0x00000000d5580000)
 Metaspace       used 50382K, capacity 50779K, committed 51160K, reserved 1091584K
  class space    used 9581K, capacity 9690K, committed 9728K, reserved 1048576K
}
Event: 78.272 GC heap before
{Heap before GC invocations=11 (full 2):
 PSYoungGen      total 311808K, used 200029K [0x00000000eab00000, 0x0000000100000000, 0x0000000100000000)
  eden space 281600K, 61% used [0x00000000eab00000,0x00000000f542e778,0x00000000fbe00000)
  from space 30208K, 88% used [0x00000000fe280000,0x00000000ffca8d90,0x0000000100000000)
  to   space 33792K, 0% used [0x00000000fbe00000,0x00000000fbe00000,0x00000000fdf00000)
 ParOldGen       total 349696K, used 27623K [0x00000000c0000000, 0x00000000d5580000, 0x00000000eab00000)
  object space 349696K, 7% used [0x00000000c0000000,0x00000000c1af9cb0,0x00000000d5580000)
 Metaspace       used 58494K, capacity 58843K, committed 59028K, reserved 1097728K
  class space    used 11051K, capacity 11162K, committed 11196K, reserved 1048576K
Event: 78.389 GC heap after
Heap after GC invocations=11 (full 2):
 PSYoungGen      total 315392K, used 33781K [0x00000000eab00000, 0x0000000100000000, 0x0000000100000000)
  eden space 281600K, 0% used [0x00000000eab00000,0x00000000eab00000,0x00000000fbe00000)
  from space 33792K, 99% used [0x00000000fbe00000,0x00000000fdefd7f0,0x00000000fdf00000)
  to   space 33792K, 0% used [0x00000000fdf00000,0x00000000fdf00000,0x0000000100000000)
 ParOldGen       total 349696K, used 65571K [0x00000000c0000000, 0x00000000d5580000, 0x00000000eab00000)
  object space 349696K, 18% used [0x00000000c0000000,0x00000000c4008dd0,0x00000000d5580000)
 Metaspace       used 58494K, capacity 58843K, committed 59028K, reserved 1097728K
  class space    used 11051K, capacity 11162K, committed 11196K, reserved 1048576K
}
Event: 78.389 GC heap before
{Heap before GC invocations=12 (full 3):
 PSYoungGen      total 315392K, used 33781K [0x00000000eab00000, 0x0000000100000000, 0x0000000100000000)
  eden space 281600K, 0% used [0x00000000eab00000,0x00000000eab00000,0x00000000fbe00000)
  from space 33792K, 99% used [0x00000000fbe00000,0x00000000fdefd7f0,0x00000000fdf00000)
  to   space 33792K, 0% used [0x00000000fdf00000,0x00000000fdf00000,0x0000000100000000)
 ParOldGen       total 349696K, used 65571K [0x00000000c0000000, 0x00000000d5580000, 0x00000000eab00000)
  object space 349696K, 18% used [0x00000000c0000000,0x00000000c4008dd0,0x00000000d5580000)
 Metaspace       used 58494K, capacity 58843K, committed 59028K, reserved 1097728K
  class space    used 11051K, capacity 11162K, committed 11196K, reserved 1048576K

