# JRE version: Java(TM) SE Runtime Environment (8.0_121-b13) (build 1.8.0_121-b13)
# Java VM: Java HotSpot(TM) 64-Bit Server VM (25.121-b13 mixed mode windows-amd64 compressed oops)
Heap:
 PSYoungGen      total 153088K, used 82285K [0x00000000eab00000, 0x00000000fd600000, 0x0000000100000000)
  eden space 131584K, 62% used [0x00000000eab00000,0x00000000efb5b488,0x00000000f2b80000)
  from space 21504K, 0% used [0x00000000f4080000,0x00000000f4080000,0x00000000f5580000)
  to   space 21504K, 0% used [0x00000000f2b80000,0x00000000f2b80000,0x00000000f4080000)
 ParOldGen       total 349696K, used 4536K [0x00000000c0000000, 0x00000000d5580000, 0x00000000eab00000)
  object space 349696K, 1% used [0x00000000c0000000,0x00000000c046e3e0,0x00000000d5580000)
 Metaspace       used 26281K, capacity 26652K, committed 26880K, reserved 1071104K
  class space    used 5413K, capacity 5560K, committed 5632K, reserved 1048576K
GC Heap History (6 events):
Event: 9.660 GC heap before
{Heap before GC invocations=1 (full 0):
 PSYoungGen      total 153088K, used 131584K [0x00000000eab00000, 0x00000000f5580000, 0x0000000100000000)
  eden space 131584K, 100% used [0x00000000eab00000,0x00000000f2b80000,0x00000000f2b80000)
  from space 21504K, 0% used [0x00000000f4080000,0x00000000f4080000,0x00000000f5580000)
  to   space 21504K, 0% used [0x00000000f2b80000,0x00000000f2b80000,0x00000000f4080000)
 ParOldGen       total 349696K, used 0K [0x00000000c0000000, 0x00000000d5580000, 0x00000000eab00000)
  object space 349696K, 0% used [0x00000000c0000000,0x00000000c0000000,0x00000000d5580000)
 Metaspace       used 20854K, capacity 21142K, committed 21248K, reserved 1067008K
  class space    used 3968K, capacity 4042K, committed 4096K, reserved 1048576K
Event: 9.688 GC heap after
Heap after GC invocations=1 (full 0):
 PSYoungGen      total 153088K, used 17048K [0x00000000eab00000, 0x00000000f5580000, 0x0000000100000000)
  eden space 131584K, 0% used [0x00000000eab00000,0x00000000eab00000,0x00000000f2b80000)
  from space 21504K, 79% used [0x00000000f2b80000,0x00000000f3c26080,0x00000000f4080000)
  to   space 21504K, 0% used [0x00000000f4080000,0x00000000f4080000,0x00000000f5580000)
 ParOldGen       total 349696K, used 16K [0x00000000c0000000, 0x00000000d5580000, 0x00000000eab00000)
  object space 349696K, 0% used [0x00000000c0000000,0x00000000c0004000,0x00000000d5580000)
 Metaspace       used 20854K, capacity 21142K, committed 21248K, reserved 1067008K
  class space    used 3968K, capacity 4042K, committed 4096K, reserved 1048576K
}
Event: 9.719 GC heap before
{Heap before GC invocations=2 (full 0):
 PSYoungGen      total 153088K, used 20836K [0x00000000eab00000, 0x00000000f5580000, 0x0000000100000000)
  eden space 131584K, 2% used [0x00000000eab00000,0x00000000eaeb3260,0x00000000f2b80000)
  from space 21504K, 79% used [0x00000000f2b80000,0x00000000f3c26080,0x00000000f4080000)
  to   space 21504K, 0% used [0x00000000f4080000,0x00000000f4080000,0x00000000f5580000)
 ParOldGen       total 349696K, used 16K [0x00000000c0000000, 0x00000000d5580000, 0x00000000eab00000)
  object space 349696K, 0% used [0x00000000c0000000,0x00000000c0004000,0x00000000d5580000)
 Metaspace       used 20897K, capacity 21174K, committed 21248K, reserved 1067008K
  class space    used 3980K, capacity 4074K, committed 4096K, reserved 1048576K
Event: 9.735 GC heap after
Heap after GC invocations=2 (full 0):
 PSYoungGen      total 153088K, used 4589K [0x00000000eab00000, 0x00000000fd600000, 0x0000000100000000)
  eden space 131584K, 0% used [0x00000000eab00000,0x00000000eab00000,0x00000000f2b80000)
  from space 21504K, 21% used [0x00000000f4080000,0x00000000f44fb428,0x00000000f5580000)
  to   space 21504K, 0% used [0x00000000f2b80000,0x00000000f2b80000,0x00000000f4080000)
 ParOldGen       total 349696K, used 24K [0x00000000c0000000, 0x00000000d5580000, 0x00000000eab00000)
  object space 349696K, 0% used [0x00000000c0000000,0x00000000c0006000,0x00000000d5580000)
 Metaspace       used 20897K, capacity 21174K, committed 21248K, reserved 1067008K
  class space    used 3980K, capacity 4074K, committed 4096K, reserved 1048576K
}
Event: 9.735 GC heap before
{Heap before GC invocations=3 (full 1):
 PSYoungGen      total 153088K, used 4589K [0x00000000eab00000, 0x00000000fd600000, 0x0000000100000000)
  eden space 131584K, 0% used [0x00000000eab00000,0x00000000eab00000,0x00000000f2b80000)
  from space 21504K, 21% used [0x00000000f4080000,0x00000000f44fb428,0x00000000f5580000)
  to   space 21504K, 0% used [0x00000000f2b80000,0x00000000f2b80000,0x00000000f4080000)
 ParOldGen       total 349696K, used 24K [0x00000000c0000000, 0x00000000d5580000, 0x00000000eab00000)
  object space 349696K, 0% used [0x00000000c0000000,0x00000000c0006000,0x00000000d5580000)
 Metaspace       used 20897K, capacity 21174K, committed 21248K, reserved 1067008K
  class space    used 3980K, capacity 4074K, committed 4096K, reserved 1048576K
Event: 9.816 GC heap after
Heap after GC invocations=3 (full 1):
 PSYoungGen      total 153088K, used 0K [0x00000000eab00000, 0x00000000fd600000, 0x0000000100000000)
  eden space 131584K, 0% used [0x00000000eab00000,0x00000000eab00000,0x00000000f2b80000)
  from space 21504K, 0% used [0x00000000f4080000,0x00000000f4080000,0x00000000f5580000)
  to   space 21504K, 0% used [0x00000000f2b80000,0x00000000f2b80000,0x00000000f4080000)
 ParOldGen       total 349696K, used 4536K [0x00000000c0000000, 0x00000000d5580000, 0x00000000eab00000)
  object space 349696K, 1% used [0x00000000c0000000,0x00000000c046e3e0,0x00000000d5580000)
 Metaspace       used 20895K, capacity 21168K, committed 21248K, reserved 1067008K
  class space    used 3979K, capacity 4072K, committed 4096K, reserved 1048576K
}

